<?xml version="1.0" encoding="UTF-8"?>
<!-- Generated by org.testng.reporters.JUnitXMLReporter -->
<testsuite hostname="DESKTOP-56T3BOV" ignored="0" name="Command line test" tests="4" failures="0" timestamp="2021-01-26T15:21:02 IST" time="24.689" errors="0">
  <testcase name="secondMethod" time="0.008" classname="testNG.exampleTest"/>
  <testcase name="extent" time="24.603" classname="testNG.extentTest"/>
  <testcase name="firstexecution" time="0.0" classname="testNG.TTest"/>
  <testcase name="lastexecution" time="0.0" classname="testNG.TTest"/>
</testsuite> <!-- Command line test -->
