<?xml version="1.0" encoding="UTF-8"?>
<!-- Generated by org.testng.reporters.JUnitXMLReporter -->
<testsuite hostname="DESKTOP-56T3BOV" name="Test" tests="4" failures="1" timestamp="26 Jan 2021 09:32:24 GMT" time="0.777" errors="0">
  <testcase name="firstexecution" time="0.018" classname="testNG.TTest"/>
  <testcase name="lastexecution" time="0.004" classname="testNG.TTest"/>
  <testcase name="secondMethod" time="0.006" classname="testNG.exampleTest"/>
  <testcase name="extent" time="0.709" classname="testNG.extentTest">
    <failure type="java.lang.NoSuchMethodError" message="org.apache.commons.io.IOUtils.toString(Ljava/io/InputStream;Ljava/nio/charset/Charset;)Ljava/lang/String;">
      <![CDATA[java.lang.NoSuchMethodError: org.apache.commons.io.IOUtils.toString(Ljava/io/InputStream;Ljava/nio/charset/Charset;)Ljava/lang/String;
	at io.github.bonigarcia.wdm.versions.Shell.runAndWaitNoLog(Shell.java:66)
	at io.github.bonigarcia.wdm.versions.Shell.runAndWaitArray(Shell.java:55)
	at io.github.bonigarcia.wdm.versions.Shell.runAndWait(Shell.java:49)
	at io.github.bonigarcia.wdm.versions.VersionDetector.getBrowserVersionInWindows(VersionDetector.java:222)
	at io.github.bonigarcia.wdm.versions.VersionDetector.getDefaultBrowserVersion(VersionDetector.java:181)
	at io.github.bonigarcia.wdm.managers.ChromeDriverManager.getBrowserVersionFromTheShell(ChromeDriverManager.java:123)
	at io.github.bonigarcia.wdm.WebDriverManager.detectBrowserVersion(WebDriverManager.java:719)
	at io.github.bonigarcia.wdm.WebDriverManager.resolveDriverVersion(WebDriverManager.java:588)
	at io.github.bonigarcia.wdm.WebDriverManager.manage(WebDriverManager.java:540)
	at io.github.bonigarcia.wdm.WebDriverManager.setup(WebDriverManager.java:288)
	at testNG.extentTest.extent(extentTest.java:12)
... Removed 24 stack frames]]>
    </failure>
  </testcase> <!-- extent -->
</testsuite> <!-- Test -->
